0 info it worked if it ends with ok
1 verbose cli [ '/usr/local/bin/node',
1 verbose cli   '/usr/local/bin/npm',
1 verbose cli   'run',
1 verbose cli   'doc-site-dev' ]
2 info using npm@3.9.5
3 info using node@v6.2.2
4 verbose run-script [ 'predoc-site-dev', 'doc-site-dev', 'postdoc-site-dev' ]
5 info lifecycle simple-vue-validator@0.9.1~predoc-site-dev: simple-vue-validator@0.9.1
6 silly lifecycle simple-vue-validator@0.9.1~predoc-site-dev: no script for predoc-site-dev, continuing
7 info lifecycle simple-vue-validator@0.9.1~doc-site-dev: simple-vue-validator@0.9.1
8 verbose lifecycle simple-vue-validator@0.9.1~doc-site-dev: unsafe-perm in lifecycle true
9 verbose lifecycle simple-vue-validator@0.9.1~doc-site-dev: PATH: /usr/local/lib/node_modules/npm/bin/node-gyp-bin:/Users/semisleep/Development/simple-vue-validator/node_modules/.bin:/usr/local/bin:/Users/semisleep/Development/Tools/apache-maven-3.2.3/bin:/usr/local/heroku/bin:/Users/semisleep/Development/Tools/android-sdk/platform-tools:/Users/semisleep/Development/Tools/android-sdk/tools:/usr/bin:/bin:/usr/sbin:/sbin:/usr/local/bin:/Applications/Postgres.app/Contents/Versions/9.3/bin:/usr/local/go/bin
10 verbose lifecycle simple-vue-validator@0.9.1~doc-site-dev: CWD: /Users/semisleep/Development/simple-vue-validator
11 silly lifecycle simple-vue-validator@0.9.1~doc-site-dev: Args: [ '-c',
11 silly lifecycle   'cross-env NODE_ENV=development webpack-dev-server --open --inline --hot --config webpack-doc-site.config.js --host 0.0.0.0' ]
12 silly lifecycle simple-vue-validator@0.9.1~doc-site-dev: Returned: code: 1  signal: null
13 info lifecycle simple-vue-validator@0.9.1~doc-site-dev: Failed to exec doc-site-dev script
14 verbose stack Error: simple-vue-validator@0.9.1 doc-site-dev: `cross-env NODE_ENV=development webpack-dev-server --open --inline --hot --config webpack-doc-site.config.js --host 0.0.0.0`
14 verbose stack Exit status 1
14 verbose stack     at EventEmitter.<anonymous> (/usr/local/lib/node_modules/npm/lib/utils/lifecycle.js:245:16)
14 verbose stack     at emitTwo (events.js:106:13)
14 verbose stack     at EventEmitter.emit (events.js:191:7)
14 verbose stack     at ChildProcess.<anonymous> (/usr/local/lib/node_modules/npm/lib/utils/spawn.js:24:14)
14 verbose stack     at emitTwo (events.js:106:13)
14 verbose stack     at ChildProcess.emit (events.js:191:7)
14 verbose stack     at maybeClose (internal/child_process.js:852:16)
14 verbose stack     at Process.ChildProcess._handle.onexit (internal/child_process.js:215:5)
15 verbose pkgid simple-vue-validator@0.9.1
16 verbose cwd /Users/semisleep/Development/simple-vue-validator
17 error Darwin 15.6.0
18 error argv "/usr/local/bin/node" "/usr/local/bin/npm" "run" "doc-site-dev"
19 error node v6.2.2
20 error npm  v3.9.5
21 error code ELIFECYCLE
22 error simple-vue-validator@0.9.1 doc-site-dev: `cross-env NODE_ENV=development webpack-dev-server --open --inline --hot --config webpack-doc-site.config.js --host 0.0.0.0`
22 error Exit status 1
23 error Failed at the simple-vue-validator@0.9.1 doc-site-dev script 'cross-env NODE_ENV=development webpack-dev-server --open --inline --hot --config webpack-doc-site.config.js --host 0.0.0.0'.
23 error Make sure you have the latest version of node.js and npm installed.
23 error If you do, this is most likely a problem with the simple-vue-validator package,
23 error not with npm itself.
23 error Tell the author that this fails on your system:
23 error     cross-env NODE_ENV=development webpack-dev-server --open --inline --hot --config webpack-doc-site.config.js --host 0.0.0.0
23 error You can get information on how to open an issue for this project with:
23 error     npm bugs simple-vue-validator
23 error Or if that isn't available, you can get their info via:
23 error     npm owner ls simple-vue-validator
23 error There is likely additional logging output above.
24 verbose exit [ 1, true ]
